<?xml version="1.0" encoding="UTF-8"?>
<beans xmlns="http://www.springframework.org/schema/beans" xmlns:xsi="http://www.w3.org/2001/XMLSchema-instance"
       xmlns:jaxrs="http://cxf.apache.org/jaxrs" xmlns:context="http://www.springframework.org/schema/context"
       xsi:schemaLocation="
       http://www.springframework.org/schema/beans
       http://www.springframework.org/schema/beans/spring-beans-3.0.xsd
       http://www.springframework.org/schema/context
       http://www.springframework.org/schema/context/spring-context-3.0.xsd
       http://cxf.apache.org/jaxrs http://cxf.apache.org/schemas/jaxrs.xsd">
    <context:annotation-config/>
    <bean class="org.springframework.beans.factory.config.PropertyPlaceholderConfigurer">
        <property name="location">
            <value>TradeServiceTest.properties</value>
        </property>
    </bean>
    <bean id="tradeAdapterStatistics" class="com.tradeservice.beans.TradeAdapterStatisticsImpl"/>

    <bean id="tradeAdapterRS" class="com.tradeservice.restservice.TradeAdapterRS"/>
    <bean id="tradePostServiceRS" class="com.tradeservice.restservice.TradePostServiceRS"/>
</beans>